Arguments: 
  C:\Program Files\nodejs\node.exe C:\Users\MINH HAI\AppData\Roaming\npm\node_modules\yarn\bin\yarn.js add moment

PATH: 
  C:\Program Files\Git\mingw64\bin;C:\Program Files\Git\usr\bin;C:\Users\MINH HAI\bin;C:\Program Files (x86)\Common Files\Oracle\Java\javapath;C:\ProgramData\Oracle\Java\javapath;C:\WINDOWS\system32;C:\WINDOWS;C:\WINDOWS\System32\Wbem;C:\WINDOWS\System32\WindowsPowerShell\v1.0;C:\WINDOWS\System32\OpenSSH;C:\Program Files\Intel\WiFi\bin;C:\Program Files\Common Files\Intel\WirelessCommon;C:\Program Files (x86)\Microsoft SQL Server\100\Tools\Binn;C:\Program Files\Microsoft SQL Server\100\Tools\Binn;C:\Program Files\Microsoft SQL Server\100\DTS\Binn;C:\Program Files (x86)\Microsoft SQL Server\100\Tools\Binn\VSShell\Common7\IDE;C:\Program Files (x86)\Microsoft SQL Server\100\DTS\Binn;C:\Program Files\nodejs;C:\Program Files\dotnet;C:\Program Files\MongoDB\Server\4.2\bin;C:\Program Files\Microsoft SQL Server\130\Tools\Binn;C:\Program Files\NVIDIA Corporation\NVIDIA NvDLISR;C:\Program Files (x86)\NVIDIA Corporation\PhysX\Common;C:\Users\MINH HAI\Downloads\geckodriver-v0.26.0-win64;C:\Program Files\TortoiseGit\bin;C:\Program Files\MongoDB\Server\4.4\bin;C:\Program Files\MySQL\MySQL Shell 8.0\bin;C:\Users\MINH HAI\AppData\Local\Microsoft\WindowsApps;C:\Users\MINH HAI\AppData\Roaming\npm;C:\Users\MINH HAI\AppData\Local\Programs\Microsoft VS Code\bin;C:\src\flutter\bin;C:\Users\MINH HAI\AppData\Local\Android\Sdk\platform-tools;D:\heroku\bin

Yarn version: 
  1.22.10

Node version: 
  10.16.0

Platform: 
  win32 x64

Trace: 
  Error: EPERM: operation not permitted, unlink 'D:\english_project_backend\node_modules\bcrypt\lib\binding\napi-v3\bcrypt_lib.node'

npm manifest: 
  {
    "name": "english_project_backend",
    "version": "1.0.0",
    "description": "",
    "main": "server.js",
    "scripts": {
      "start:staging": "set NODE_ENV=staging& nodemon ."
    },
    "author": "",
    "license": "ISC",
    "dependencies": {
      "bcrypt": "^5.0.1",
      "cors": "^2.8.5",
      "dotenv": "^8.2.0",
      "express": "^4.17.1",
      "hogan.js": "^3.0.2",
      "jsonwebtoken": "^8.5.1",
      "lodash": "^4.17.21",
      "mongoose": "^5.12.4",
      "multer": "^1.4.2",
      "nodemailer": "^6.5.0",
      "nodemon": "^2.0.7",
      "shortid": "^2.2.16",
      "slugify": "^1.5.0",
      "validator": "^13.5.2",
      "yarn": "^1.22.10"
    }
  }

yarn manifest: 
  No manifest

Lockfile: 
  No lockfile
